f:\administrator\visual studio project\cmdlua\cmdlua\windows 10\lapi.obj
f:\administrator\visual studio project\cmdlua\cmdlua\windows 10\lcode.obj
f:\administrator\visual studio project\cmdlua\cmdlua\windows 10\lctype.obj
f:\administrator\visual studio project\cmdlua\cmdlua\windows 10\ldo.obj
f:\administrator\visual studio project\cmdlua\cmdlua\windows 10\liolib.obj
f:\administrator\visual studio project\cmdlua\cmdlua\windows 10\lmathlib.obj
f:\administrator\visual studio project\cmdlua\cmdlua\windows 10\loslib.obj
f:\administrator\visual studio project\cmdlua\cmdlua\windows 10\lstring.obj
f:\administrator\visual studio project\cmdlua\cmdlua\windows 10\ltablib.obj
f:\administrator\visual studio project\cmdlua\cmdlua\windows 10\lundump.obj
f:\administrator\visual studio project\cmdlua\cmdlua\windows 10\lbitlib.obj
f:\administrator\visual studio project\cmdlua\cmdlua\windows 10\ldblib.obj
f:\administrator\visual studio project\cmdlua\cmdlua\windows 10\lgc.obj
f:\administrator\visual studio project\cmdlua\cmdlua\windows 10\loadlib.obj
f:\administrator\visual studio project\cmdlua\cmdlua\windows 10\lvm.obj
f:\administrator\visual studio project\cmdlua\cmdlua\windows 10\lauxlib.obj
f:\administrator\visual studio project\cmdlua\cmdlua\windows 10\lcorolib.obj
f:\administrator\visual studio project\cmdlua\cmdlua\windows 10\lfunc.obj
f:\administrator\visual studio project\cmdlua\cmdlua\windows 10\llex.obj
f:\administrator\visual studio project\cmdlua\cmdlua\windows 10\lobject.obj
f:\administrator\visual studio project\cmdlua\cmdlua\windows 10\lstate.obj
f:\administrator\visual studio project\cmdlua\cmdlua\windows 10\ltable.obj
f:\administrator\visual studio project\cmdlua\cmdlua\windows 10\ltm.obj
f:\administrator\visual studio project\cmdlua\cmdlua\windows 10\lutf8lib.obj
f:\administrator\visual studio project\cmdlua\cmdlua\windows 10\lzio.obj
f:\administrator\visual studio project\cmdlua\cmdlua\windows 10\lbaselib.obj
f:\administrator\visual studio project\cmdlua\cmdlua\windows 10\ldebug.obj
f:\administrator\visual studio project\cmdlua\cmdlua\windows 10\ldump.obj
f:\administrator\visual studio project\cmdlua\cmdlua\windows 10\linit.obj
f:\administrator\visual studio project\cmdlua\cmdlua\windows 10\lmem.obj
f:\administrator\visual studio project\cmdlua\cmdlua\windows 10\lopcodes.obj
f:\administrator\visual studio project\cmdlua\cmdlua\windows 10\lparser.obj
f:\administrator\visual studio project\cmdlua\cmdlua\windows 10\lstrlib.obj
f:\administrator\visual studio project\cmdlua\cmdlua\windows 10\lua.obj
f:\administrator\visual studio project\cmdlua\cmdlua\windows 10\vc141.pdb
f:\administrator\visual studio project\cmdlua\windows 10\cmdlua.ipdb
f:\administrator\visual studio project\cmdlua\windows 10\cmdlua.iobj
f:\administrator\visual studio project\cmdlua\windows 10\cmdlua.exe
f:\administrator\visual studio project\cmdlua\windows 10\cmdlua.pdb
f:\administrator\visual studio project\cmdlua\cmdlua\windows 10\cmdlua.tlog\cl.12516.write.1.tlog
f:\administrator\visual studio project\cmdlua\cmdlua\windows 10\cmdlua.tlog\cl.command.1.tlog
f:\administrator\visual studio project\cmdlua\cmdlua\windows 10\cmdlua.tlog\cl.read.1.tlog
f:\administrator\visual studio project\cmdlua\cmdlua\windows 10\cmdlua.tlog\cmdlua.write.1u.tlog
f:\administrator\visual studio project\cmdlua\cmdlua\windows 10\cmdlua.tlog\link.command.1.tlog
f:\administrator\visual studio project\cmdlua\cmdlua\windows 10\cmdlua.tlog\link.read.1.tlog
f:\administrator\visual studio project\cmdlua\cmdlua\windows 10\cmdlua.tlog\link.write.1.tlog
