f:\administrator\visual studio project\cmdlua\cmdlua\windows 7\lbitlib.obj
f:\administrator\visual studio project\cmdlua\cmdlua\windows 7\lcode.obj
f:\administrator\visual studio project\cmdlua\cmdlua\windows 7\ldump.obj
f:\administrator\visual studio project\cmdlua\cmdlua\windows 7\llex.obj
f:\administrator\visual studio project\cmdlua\cmdlua\windows 7\lobject.obj
f:\administrator\visual studio project\cmdlua\cmdlua\windows 7\lstate.obj
f:\administrator\visual studio project\cmdlua\cmdlua\windows 7\lstring.obj
f:\administrator\visual studio project\cmdlua\cmdlua\windows 7\ltm.obj
f:\administrator\visual studio project\cmdlua\cmdlua\windows 7\lvm.obj
f:\administrator\visual studio project\cmdlua\cmdlua\windows 7\lauxlib.obj
f:\administrator\visual studio project\cmdlua\cmdlua\windows 7\ldblib.obj
f:\administrator\visual studio project\cmdlua\cmdlua\windows 7\lfunc.obj
f:\administrator\visual studio project\cmdlua\cmdlua\windows 7\liolib.obj
f:\administrator\visual studio project\cmdlua\cmdlua\windows 7\loadlib.obj
f:\administrator\visual studio project\cmdlua\cmdlua\windows 7\ltablib.obj
f:\administrator\visual studio project\cmdlua\cmdlua\windows 7\lutf8lib.obj
f:\administrator\visual studio project\cmdlua\cmdlua\windows 7\lzio.obj
f:\administrator\visual studio project\cmdlua\cmdlua\windows 7\lbaselib.obj
f:\administrator\visual studio project\cmdlua\cmdlua\windows 7\lcorolib.obj
f:\administrator\visual studio project\cmdlua\cmdlua\windows 7\ldo.obj
f:\administrator\visual studio project\cmdlua\cmdlua\windows 7\linit.obj
f:\administrator\visual studio project\cmdlua\cmdlua\windows 7\lmathlib.obj
f:\administrator\visual studio project\cmdlua\cmdlua\windows 7\lparser.obj
f:\administrator\visual studio project\cmdlua\cmdlua\windows 7\ltable.obj
f:\administrator\visual studio project\cmdlua\cmdlua\windows 7\lua.obj
f:\administrator\visual studio project\cmdlua\cmdlua\windows 7\lapi.obj
f:\administrator\visual studio project\cmdlua\cmdlua\windows 7\lctype.obj
f:\administrator\visual studio project\cmdlua\cmdlua\windows 7\ldebug.obj
f:\administrator\visual studio project\cmdlua\cmdlua\windows 7\lgc.obj
f:\administrator\visual studio project\cmdlua\cmdlua\windows 7\lmem.obj
f:\administrator\visual studio project\cmdlua\cmdlua\windows 7\lopcodes.obj
f:\administrator\visual studio project\cmdlua\cmdlua\windows 7\loslib.obj
f:\administrator\visual studio project\cmdlua\cmdlua\windows 7\lstrlib.obj
f:\administrator\visual studio project\cmdlua\cmdlua\windows 7\lundump.obj
f:\administrator\visual studio project\cmdlua\cmdlua\windows 7\vc141.pdb
f:\administrator\visual studio project\cmdlua\windows 7\cmdlua.ilk
f:\administrator\visual studio project\cmdlua\windows 7\cmdlua.exe
f:\administrator\visual studio project\cmdlua\windows 7\cmdlua.pdb
f:\administrator\visual studio project\cmdlua\cmdlua\windows 7\cmdlua.tlog\cl.11068.write.1.tlog
f:\administrator\visual studio project\cmdlua\cmdlua\windows 7\cmdlua.tlog\cl.command.1.tlog
f:\administrator\visual studio project\cmdlua\cmdlua\windows 7\cmdlua.tlog\cl.read.1.tlog
f:\administrator\visual studio project\cmdlua\cmdlua\windows 7\cmdlua.tlog\link.command.1.tlog
f:\administrator\visual studio project\cmdlua\cmdlua\windows 7\cmdlua.tlog\link.read.1.tlog
f:\administrator\visual studio project\cmdlua\cmdlua\windows 7\cmdlua.tlog\link.write.1.tlog
